{"uid":"5b47cac23c600891","name":"setup","fullName":"com.applitools.tests.BaseTest.setup","historyId":"54f0b9cdd67f87604365b8bef76729ff","time":{"start":1720625215023,"stop":1720625215025,"duration":2},"status":"broken","statusMessage":"Unable to establish websocket connection to http://localhost:59357/devtools/browser/4a999e6f-0130-48f9-b168-49a68bad1e15\nBuild info: version: '4.1.0', revision: '87802e897b'\nSystem info: host: 'Abhisheks-MacBook-Pro.local', ip: '2405:201:2e:1021:911b:436a:6f8:ef53%en0', os.name: 'Mac OS X', os.arch: 'x86_64', os.version: '14.5', java.version: '17'\nDriver info: driver.version: ChromeDriver","statusTrace":"org.openqa.selenium.remote.http.ConnectionFailedException: Unable to establish websocket connection to http://localhost:59357/devtools/browser/4a999e6f-0130-48f9-b168-49a68bad1e15\nBuild info: version: '4.1.0', revision: '87802e897b'\nSystem info: host: 'Abhisheks-MacBook-Pro.local', ip: '2405:201:2e:1021:911b:436a:6f8:ef53%en0', os.name: 'Mac OS X', os.arch: 'x86_64', os.version: '14.5', java.version: '17'\nDriver info: driver.version: ChromeDriver\n\tat org.openqa.selenium.remote.http.netty.NettyWebSocket.<init>(NettyWebSocket.java:104)\n\tat org.openqa.selenium.remote.http.netty.NettyWebSocket.lambda$create$3(NettyWebSocket.java:137)\n\tat org.openqa.selenium.remote.http.netty.NettyClient.openSocket(NettyClient.java:116)\n\tat org.openqa.selenium.devtools.Connection.<init>(Connection.java:77)\n\tat org.openqa.selenium.chromium.ChromiumDriver.lambda$new$2(ChromiumDriver.java:124)\n\tat java.base/java.util.Optional.map(Optional.java:260)\n\tat org.openqa.selenium.chromium.ChromiumDriver.<init>(ChromiumDriver.java:122)\n\tat org.openqa.selenium.chrome.ChromeDriver.<init>(ChromeDriver.java:104)\n\tat org.openqa.selenium.chrome.ChromeDriver.<init>(ChromeDriver.java:91)\n\tat org.openqa.selenium.chrome.ChromeDriver.<init>(ChromeDriver.java:46)\n\tat com.applitools.tests.BaseTest.getBrowserSpecificDriver(BaseTest.java:59)\n\tat com.applitools.tests.BaseTest.initializeEnv(BaseTest.java:46)\n\tat com.applitools.tests.BaseTest.setup(BaseTest.java:24)\n\tat java.base/jdk.internal.reflect.NativeMethodAccessorImpl.invoke0(Native Method)\n\tat java.base/jdk.internal.reflect.NativeMethodAccessorImpl.invoke(NativeMethodAccessorImpl.java:77)\n\tat java.base/jdk.internal.reflect.DelegatingMethodAccessorImpl.invoke(DelegatingMethodAccessorImpl.java:43)\n\tat java.base/java.lang.reflect.Method.invoke(Method.java:568)\n\tat org.testng.internal.MethodInvocationHelper.invokeMethod(MethodInvocationHelper.java:133)\n\tat org.testng.internal.MethodInvocationHelper.invokeMethodConsideringTimeout(MethodInvocationHelper.java:62)\n\tat org.testng.internal.ConfigInvoker.invokeConfigurationMethod(ConfigInvoker.java:385)\n\tat org.testng.internal.ConfigInvoker.invokeConfigurations(ConfigInvoker.java:321)\n\tat org.testng.internal.TestMethodWorker.invokeBeforeClassMethods(TestMethodWorker.java:176)\n\tat org.testng.internal.TestMethodWorker.run(TestMethodWorker.java:122)\n\tat java.base/java.util.ArrayList.forEach(ArrayList.java:1511)\n\tat org.testng.TestRunner.privateRun(TestRunner.java:794)\n\tat org.testng.TestRunner.run(TestRunner.java:596)\n\tat org.testng.SuiteRunner.runTest(SuiteRunner.java:377)\n\tat org.testng.SuiteRunner.runSequentially(SuiteRunner.java:371)\n\tat org.testng.SuiteRunner.privateRun(SuiteRunner.java:332)\n\tat org.testng.SuiteRunner.run(SuiteRunner.java:276)\n\tat org.testng.SuiteRunnerWorker.runSuite(SuiteRunnerWorker.java:53)\n\tat org.testng.SuiteRunnerWorker.run(SuiteRunnerWorker.java:96)\n\tat org.testng.TestNG.runSuitesSequentially(TestNG.java:1212)\n\tat org.testng.TestNG.runSuitesLocally(TestNG.java:1134)\n\tat org.testng.TestNG.runSuites(TestNG.java:1063)\n\tat org.testng.TestNG.run(TestNG.java:1031)\n\tat com.intellij.rt.testng.IDEARemoteTestNG.run(IDEARemoteTestNG.java:65)\n\tat com.intellij.rt.testng.RemoteTestNGStarter.main(RemoteTestNGStarter.java:105)\n","flaky":false,"newFailed":false,"newBroken":false,"newPassed":false,"retriesCount":2,"retriesStatusChange":false,"beforeStages":[{"name":"setup","time":{"start":1720625203772,"stop":1720625214887,"duration":11115},"description":"","status":"broken","statusMessage":"Unable to establish websocket connection to http://localhost:59357/devtools/browser/4a999e6f-0130-48f9-b168-49a68bad1e15\nBuild info: version: '4.1.0', revision: '87802e897b'\nSystem info: host: 'Abhisheks-MacBook-Pro.local', ip: '2405:201:2e:1021:911b:436a:6f8:ef53%en0', os.name: 'Mac OS X', os.arch: 'x86_64', os.version: '14.5', java.version: '17'\nDriver info: driver.version: ChromeDriver","statusTrace":"org.openqa.selenium.remote.http.ConnectionFailedException: Unable to establish websocket connection to http://localhost:59357/devtools/browser/4a999e6f-0130-48f9-b168-49a68bad1e15\nBuild info: version: '4.1.0', revision: '87802e897b'\nSystem info: host: 'Abhisheks-MacBook-Pro.local', ip: '2405:201:2e:1021:911b:436a:6f8:ef53%en0', os.name: 'Mac OS X', os.arch: 'x86_64', os.version: '14.5', java.version: '17'\nDriver info: driver.version: ChromeDriver\n\tat org.openqa.selenium.remote.http.netty.NettyWebSocket.<init>(NettyWebSocket.java:104)\n\tat org.openqa.selenium.remote.http.netty.NettyWebSocket.lambda$create$3(NettyWebSocket.java:137)\n\tat org.openqa.selenium.remote.http.netty.NettyClient.openSocket(NettyClient.java:116)\n\tat org.openqa.selenium.devtools.Connection.<init>(Connection.java:77)\n\tat org.openqa.selenium.chromium.ChromiumDriver.lambda$new$2(ChromiumDriver.java:124)\n\tat java.base/java.util.Optional.map(Optional.java:260)\n\tat org.openqa.selenium.chromium.ChromiumDriver.<init>(ChromiumDriver.java:122)\n\tat org.openqa.selenium.chrome.ChromeDriver.<init>(ChromeDriver.java:104)\n\tat org.openqa.selenium.chrome.ChromeDriver.<init>(ChromeDriver.java:91)\n\tat org.openqa.selenium.chrome.ChromeDriver.<init>(ChromeDriver.java:46)\n\tat com.applitools.tests.BaseTest.getBrowserSpecificDriver(BaseTest.java:59)\n\tat com.applitools.tests.BaseTest.initializeEnv(BaseTest.java:46)\n\tat com.applitools.tests.BaseTest.setup(BaseTest.java:24)\n\tat java.base/jdk.internal.reflect.NativeMethodAccessorImpl.invoke0(Native Method)\n\tat java.base/jdk.internal.reflect.NativeMethodAccessorImpl.invoke(NativeMethodAccessorImpl.java:77)\n\tat java.base/jdk.internal.reflect.DelegatingMethodAccessorImpl.invoke(DelegatingMethodAccessorImpl.java:43)\n\tat java.base/java.lang.reflect.Method.invoke(Method.java:568)\n\tat org.testng.internal.MethodInvocationHelper.invokeMethod(MethodInvocationHelper.java:133)\n\tat org.testng.internal.MethodInvocationHelper.invokeMethodConsideringTimeout(MethodInvocationHelper.java:62)\n\tat org.testng.internal.ConfigInvoker.invokeConfigurationMethod(ConfigInvoker.java:385)\n\tat org.testng.internal.ConfigInvoker.invokeConfigurations(ConfigInvoker.java:321)\n\tat org.testng.internal.TestMethodWorker.invokeBeforeClassMethods(TestMethodWorker.java:176)\n\tat org.testng.internal.TestMethodWorker.run(TestMethodWorker.java:122)\n\tat java.base/java.util.ArrayList.forEach(ArrayList.java:1511)\n\tat org.testng.TestRunner.privateRun(TestRunner.java:794)\n\tat org.testng.TestRunner.run(TestRunner.java:596)\n\tat org.testng.SuiteRunner.runTest(SuiteRunner.java:377)\n\tat org.testng.SuiteRunner.runSequentially(SuiteRunner.java:371)\n\tat org.testng.SuiteRunner.privateRun(SuiteRunner.java:332)\n\tat org.testng.SuiteRunner.run(SuiteRunner.java:276)\n\tat org.testng.SuiteRunnerWorker.runSuite(SuiteRunnerWorker.java:53)\n\tat org.testng.SuiteRunnerWorker.run(SuiteRunnerWorker.java:96)\n\tat org.testng.TestNG.runSuitesSequentially(TestNG.java:1212)\n\tat org.testng.TestNG.runSuitesLocally(TestNG.java:1134)\n\tat org.testng.TestNG.runSuites(TestNG.java:1063)\n\tat org.testng.TestNG.run(TestNG.java:1031)\n\tat com.intellij.rt.testng.IDEARemoteTestNG.run(IDEARemoteTestNG.java:65)\n\tat com.intellij.rt.testng.RemoteTestNGStarter.main(RemoteTestNGStarter.java:105)\n","steps":[],"attachments":[],"parameters":[],"stepsCount":0,"hasContent":true,"shouldDisplayMessage":true,"attachmentsCount":0,"attachmentStep":false}],"afterStages":[{"name":"quit","time":{"start":1720625215285,"stop":1720625215286,"duration":1},"description":"","status":"broken","steps":[],"attachments":[],"parameters":[],"stepsCount":0,"hasContent":false,"shouldDisplayMessage":false,"attachmentsCount":0,"attachmentStep":false}],"labels":[{"name":"package","value":"com.applitools.tests.CalculationTest"},{"name":"testClass","value":"com.applitools.tests.CalculationTest"},{"name":"testMethod","value":"setup"},{"name":"parentSuite","value":"Default Suite"},{"name":"suite","value":"AppliToolsAutomation"},{"name":"subSuite","value":"com.applitools.tests.CalculationTest"},{"name":"host","value":"Abhisheks-MacBook-Pro.local"},{"name":"thread","value":"5555@Abhisheks-MacBook-Pro.local.main(1)"},{"name":"framework","value":"testng"},{"name":"language","value":"java"},{"name":"AS_ID","value":"-1"},{"name":"resultFormat","value":"allure2"}],"parameters":[],"links":[],"hidden":false,"retry":false,"extra":{"severity":"normal","retries":[{"uid":"dde682f36cffd81f","status":"broken","statusDetails":"The path to the driver executable The path to the driver executable must be set by the webdriver.chrome.driver system property; for more information, see https://github.com/SeleniumHQ/selenium/wiki/ChromeDriver. The latest version can be downloaded from https://chromedriver.storage.googleapis.com/index.html","time":{"start":1720625058149,"stop":1720625058155,"duration":6}},{"uid":"5ff9fd50de780625","status":"broken","statusDetails":"The path to the driver executable The path to the driver executable must be set by the webdriver.chrome.driver system property; for more information, see https://github.com/SeleniumHQ/selenium/wiki/ChromeDriver. The latest version can be downloaded from https://chromedriver.storage.googleapis.com/index.html","time":{"start":1720624867651,"stop":1720624867656,"duration":5}}],"categories":[{"name":"Test defects","matchedStatuses":[],"flaky":false}],"tags":[]},"source":"5b47cac23c600891.json","parameterValues":[]}